[2025-11-02T08:29:27.145+0000] {taskinstance.py:1157} INFO - Dependencies all met for dep_context=non-requeueable deps ti=<TaskInstance: extract_fastapi_dag.extract_fastapi_data manual__2025-11-02T08:29:26.382204+00:00 [queued]>
[2025-11-02T08:29:27.149+0000] {taskinstance.py:1157} INFO - Dependencies all met for dep_context=requeueable deps ti=<TaskInstance: extract_fastapi_dag.extract_fastapi_data manual__2025-11-02T08:29:26.382204+00:00 [queued]>
[2025-11-02T08:29:27.149+0000] {taskinstance.py:1359} INFO - Starting attempt 1 of 2
[2025-11-02T08:29:27.156+0000] {taskinstance.py:1380} INFO - Executing <Task(PythonOperator): extract_fastapi_data> on 2025-11-02 08:29:26.382204+00:00
[2025-11-02T08:29:27.158+0000] {standard_task_runner.py:57} INFO - Started process 54 to run task
[2025-11-02T08:29:27.161+0000] {standard_task_runner.py:84} INFO - Running: ['***', 'tasks', 'run', 'extract_fastapi_dag', 'extract_fastapi_data', 'manual__2025-11-02T08:29:26.382204+00:00', '--job-id', '4', '--raw', '--subdir', 'DAGS_FOLDER/extract_fastapi_dag.py', '--cfg-path', '/tmp/tmp0j17auw8']
[2025-11-02T08:29:27.162+0000] {standard_task_runner.py:85} INFO - Job 4: Subtask extract_fastapi_data
[2025-11-02T08:29:27.180+0000] {warnings.py:109} WARNING - /home/***/.local/lib/python3.8/site-packages/***/settings.py:195: DeprecationWarning: The sql_alchemy_conn option in [core] has been moved to the sql_alchemy_conn option in [database] - the old setting has been used, but please update your config.
  SQL_ALCHEMY_CONN = conf.get("database", "SQL_ALCHEMY_CONN")

[2025-11-02T08:29:27.210+0000] {task_command.py:415} INFO - Running <TaskInstance: extract_fastapi_dag.extract_fastapi_data manual__2025-11-02T08:29:26.382204+00:00 [running]> on host 45b55875ca7a
[2025-11-02T08:29:27.248+0000] {taskinstance.py:1660} INFO - Exporting env vars: AIRFLOW_CTX_DAG_OWNER='***' AIRFLOW_CTX_DAG_ID='extract_fastapi_dag' AIRFLOW_CTX_TASK_ID='extract_fastapi_data' AIRFLOW_CTX_EXECUTION_DATE='2025-11-02T08:29:26.382204+00:00' AIRFLOW_CTX_TRY_NUMBER='1' AIRFLOW_CTX_DAG_RUN_ID='manual__2025-11-02T08:29:26.382204+00:00'
[2025-11-02T08:29:27.260+0000] {taskinstance.py:1935} ERROR - Task failed with exception
Traceback (most recent call last):
  File "/home/airflow/.local/lib/python3.8/site-packages/urllib3/connection.py", line 174, in _new_conn
    conn = connection.create_connection(
  File "/home/airflow/.local/lib/python3.8/site-packages/urllib3/util/connection.py", line 95, in create_connection
    raise err
  File "/home/airflow/.local/lib/python3.8/site-packages/urllib3/util/connection.py", line 85, in create_connection
    sock.connect(sa)
OSError: [Errno 101] Network is unreachable

During handling of the above exception, another exception occurred:

Traceback (most recent call last):
  File "/home/airflow/.local/lib/python3.8/site-packages/urllib3/connectionpool.py", line 714, in urlopen
    httplib_response = self._make_request(
  File "/home/airflow/.local/lib/python3.8/site-packages/urllib3/connectionpool.py", line 415, in _make_request
    conn.request(method, url, **httplib_request_kw)
  File "/home/airflow/.local/lib/python3.8/site-packages/urllib3/connection.py", line 244, in request
    super(HTTPConnection, self).request(method, url, body=body, headers=headers)
  File "/usr/local/lib/python3.8/http/client.py", line 1256, in request
    self._send_request(method, url, body, headers, encode_chunked)
  File "/usr/local/lib/python3.8/http/client.py", line 1302, in _send_request
    self.endheaders(body, encode_chunked=encode_chunked)
  File "/usr/local/lib/python3.8/http/client.py", line 1251, in endheaders
    self._send_output(message_body, encode_chunked=encode_chunked)
  File "/usr/local/lib/python3.8/http/client.py", line 1011, in _send_output
    self.send(msg)
  File "/usr/local/lib/python3.8/http/client.py", line 951, in send
    self.connect()
  File "/home/airflow/.local/lib/python3.8/site-packages/urllib3/connection.py", line 205, in connect
    conn = self._new_conn()
  File "/home/airflow/.local/lib/python3.8/site-packages/urllib3/connection.py", line 186, in _new_conn
    raise NewConnectionError(
urllib3.exceptions.NewConnectionError: <urllib3.connection.HTTPConnection object at 0xffff8be2bd60>: Failed to establish a new connection: [Errno 101] Network is unreachable

During handling of the above exception, another exception occurred:

Traceback (most recent call last):
  File "/home/airflow/.local/lib/python3.8/site-packages/requests/adapters.py", line 486, in send
    resp = conn.urlopen(
  File "/home/airflow/.local/lib/python3.8/site-packages/urllib3/connectionpool.py", line 798, in urlopen
    retries = retries.increment(
  File "/home/airflow/.local/lib/python3.8/site-packages/urllib3/util/retry.py", line 592, in increment
    raise MaxRetryError(_pool, url, error or ResponseError(cause))
urllib3.exceptions.MaxRetryError: HTTPConnectionPool(host='host.docker.internal', port=8000): Max retries exceeded with url: /data/full (Caused by NewConnectionError('<urllib3.connection.HTTPConnection object at 0xffff8be2bd60>: Failed to establish a new connection: [Errno 101] Network is unreachable'))

During handling of the above exception, another exception occurred:

Traceback (most recent call last):
  File "/home/airflow/.local/lib/python3.8/site-packages/airflow/operators/python.py", line 192, in execute
    return_value = self.execute_callable()
  File "/home/airflow/.local/lib/python3.8/site-packages/airflow/operators/python.py", line 209, in execute_callable
    return self.python_callable(*self.op_args, **self.op_kwargs)
  File "/opt/airflow/dags/extract_fastapi_dag.py", line 18, in extract_data
    response = requests.get(url)
  File "/home/airflow/.local/lib/python3.8/site-packages/requests/api.py", line 73, in get
    return request("get", url, params=params, **kwargs)
  File "/home/airflow/.local/lib/python3.8/site-packages/requests/api.py", line 59, in request
    return session.request(method=method, url=url, **kwargs)
  File "/home/airflow/.local/lib/python3.8/site-packages/requests/sessions.py", line 589, in request
    resp = self.send(prep, **send_kwargs)
  File "/home/airflow/.local/lib/python3.8/site-packages/requests/sessions.py", line 703, in send
    r = adapter.send(request, **kwargs)
  File "/home/airflow/.local/lib/python3.8/site-packages/requests/adapters.py", line 519, in send
    raise ConnectionError(e, request=request)
requests.exceptions.ConnectionError: HTTPConnectionPool(host='host.docker.internal', port=8000): Max retries exceeded with url: /data/full (Caused by NewConnectionError('<urllib3.connection.HTTPConnection object at 0xffff8be2bd60>: Failed to establish a new connection: [Errno 101] Network is unreachable'))
[2025-11-02T08:29:27.269+0000] {taskinstance.py:1398} INFO - Marking task as UP_FOR_RETRY. dag_id=extract_fastapi_dag, task_id=extract_fastapi_data, execution_date=20251102T082926, start_date=20251102T082927, end_date=20251102T082927
[2025-11-02T08:29:27.274+0000] {standard_task_runner.py:104} ERROR - Failed to execute job 4 for task extract_fastapi_data (HTTPConnectionPool(host='host.docker.internal', port=8000): Max retries exceeded with url: /data/full (Caused by NewConnectionError('<urllib3.connection.HTTPConnection object at 0xffff8be2bd60>: Failed to establish a new connection: [Errno 101] Network is unreachable')); 54)
[2025-11-02T08:29:27.304+0000] {local_task_job_runner.py:228} INFO - Task exited with return code 1
[2025-11-02T08:29:27.313+0000] {taskinstance.py:2776} INFO - 0 downstream tasks scheduled from follow-on schedule check
