[2025-11-03T10:16:51.919+0000] {taskinstance.py:1157} INFO - Dependencies all met for dep_context=non-requeueable deps ti=<TaskInstance: load_to_minio_dag.upload_to_minio manual__2025-11-03T10:16:51.263146+00:00 [queued]>
[2025-11-03T10:16:51.923+0000] {taskinstance.py:1157} INFO - Dependencies all met for dep_context=requeueable deps ti=<TaskInstance: load_to_minio_dag.upload_to_minio manual__2025-11-03T10:16:51.263146+00:00 [queued]>
[2025-11-03T10:16:51.923+0000] {taskinstance.py:1359} INFO - Starting attempt 1 of 1
[2025-11-03T10:16:51.928+0000] {taskinstance.py:1380} INFO - Executing <Task(PythonOperator): upload_to_minio> on 2025-11-03 10:16:51.263146+00:00
[2025-11-03T10:16:51.931+0000] {standard_task_runner.py:57} INFO - Started process 581 to run task
[2025-11-03T10:16:51.933+0000] {standard_task_runner.py:84} INFO - Running: ['***', 'tasks', 'run', 'load_to_minio_dag', 'upload_to_minio', 'manual__2025-11-03T10:16:51.263146+00:00', '--job-id', '11', '--raw', '--subdir', 'DAGS_FOLDER/load_to_minio_dag.py', '--cfg-path', '/tmp/tmpdgwq7o9z']
[2025-11-03T10:16:51.935+0000] {standard_task_runner.py:85} INFO - Job 11: Subtask upload_to_minio
[2025-11-03T10:16:51.942+0000] {logging_mixin.py:151} WARNING - /home/***/.local/lib/python3.8/site-packages/***/settings.py:195 DeprecationWarning: The sql_alchemy_conn option in [core] has been moved to the sql_alchemy_conn option in [database] - the old setting has been used, but please update your config.
[2025-11-03T10:16:51.959+0000] {task_command.py:415} INFO - Running <TaskInstance: load_to_minio_dag.upload_to_minio manual__2025-11-03T10:16:51.263146+00:00 [running]> on host 77cd180a6c78
[2025-11-03T10:16:51.994+0000] {taskinstance.py:1660} INFO - Exporting env vars: AIRFLOW_CTX_DAG_OWNER='***' AIRFLOW_CTX_DAG_ID='load_to_minio_dag' AIRFLOW_CTX_TASK_ID='upload_to_minio' AIRFLOW_CTX_EXECUTION_DATE='2025-11-03T10:16:51.263146+00:00' AIRFLOW_CTX_TRY_NUMBER='1' AIRFLOW_CTX_DAG_RUN_ID='manual__2025-11-03T10:16:51.263146+00:00'
[2025-11-03T10:16:52.180+0000] {taskinstance.py:1935} ERROR - Task failed with exception
Traceback (most recent call last):
  File "/home/airflow/.local/lib/python3.8/site-packages/airflow/operators/python.py", line 192, in execute
    return_value = self.execute_callable()
  File "/home/airflow/.local/lib/python3.8/site-packages/airflow/operators/python.py", line 209, in execute_callable
    return self.python_callable(*self.op_args, **self.op_kwargs)
  File "/opt/airflow/dags/load_to_minio_dag.py", line 30, in upload_to_minio
    for filename in os.listdir(RAW_DATA_DIR):
FileNotFoundError: [Errno 2] No such file or directory: '/opt/airflow/raw_data'
[2025-11-03T10:16:52.184+0000] {taskinstance.py:1398} INFO - Marking task as FAILED. dag_id=load_to_minio_dag, task_id=upload_to_minio, execution_date=20251103T101651, start_date=20251103T101651, end_date=20251103T101652
[2025-11-03T10:16:52.189+0000] {standard_task_runner.py:104} ERROR - Failed to execute job 11 for task upload_to_minio ([Errno 2] No such file or directory: '/opt/airflow/raw_data'; 581)
[2025-11-03T10:16:52.210+0000] {local_task_job_runner.py:228} INFO - Task exited with return code 1
[2025-11-03T10:16:52.220+0000] {taskinstance.py:2776} INFO - 0 downstream tasks scheduled from follow-on schedule check
