[2025-11-03T07:41:50.160+0000] {taskinstance.py:1157} INFO - Dependencies all met for dep_context=non-requeueable deps ti=<TaskInstance: phase3_spark_transform_dag.run_spark_transformation manual__2025-11-03T07:36:44.574772+00:00 [queued]>
[2025-11-03T07:41:50.165+0000] {taskinstance.py:1157} INFO - Dependencies all met for dep_context=requeueable deps ti=<TaskInstance: phase3_spark_transform_dag.run_spark_transformation manual__2025-11-03T07:36:44.574772+00:00 [queued]>
[2025-11-03T07:41:50.165+0000] {taskinstance.py:1359} INFO - Starting attempt 2 of 2
[2025-11-03T07:41:50.172+0000] {taskinstance.py:1380} INFO - Executing <Task(BashOperator): run_spark_transformation> on 2025-11-03 07:36:44.574772+00:00
[2025-11-03T07:41:50.177+0000] {standard_task_runner.py:57} INFO - Started process 65 to run task
[2025-11-03T07:41:50.180+0000] {standard_task_runner.py:84} INFO - Running: ['***', 'tasks', 'run', 'phase3_spark_transform_dag', 'run_spark_transformation', 'manual__2025-11-03T07:36:44.574772+00:00', '--job-id', '3', '--raw', '--subdir', 'DAGS_FOLDER/phase3_spark_dag.py', '--cfg-path', '/tmp/tmpl_d9i4c6']
[2025-11-03T07:41:50.182+0000] {standard_task_runner.py:85} INFO - Job 3: Subtask run_spark_transformation
[2025-11-03T07:41:50.212+0000] {task_command.py:415} INFO - Running <TaskInstance: phase3_spark_transform_dag.run_spark_transformation manual__2025-11-03T07:36:44.574772+00:00 [running]> on host a7f2466c184e
[2025-11-03T07:41:50.249+0000] {taskinstance.py:1660} INFO - Exporting env vars: AIRFLOW_CTX_DAG_OWNER='***' AIRFLOW_CTX_DAG_ID='phase3_spark_transform_dag' AIRFLOW_CTX_TASK_ID='run_spark_transformation' AIRFLOW_CTX_EXECUTION_DATE='2025-11-03T07:36:44.574772+00:00' AIRFLOW_CTX_TRY_NUMBER='2' AIRFLOW_CTX_DAG_RUN_ID='manual__2025-11-03T07:36:44.574772+00:00'
[2025-11-03T07:41:50.250+0000] {subprocess.py:63} INFO - Tmp dir root location: /tmp
[2025-11-03T07:41:50.252+0000] {subprocess.py:75} INFO - Running command: ['/bin/bash', '-c', 'docker exec mindgraph_spark /opt/spark/bin/spark-submit /opt/***/dags/phase3_spark_transform.py']
[2025-11-03T07:41:50.262+0000] {subprocess.py:86} INFO - Output:
[2025-11-03T07:41:50.364+0000] {subprocess.py:93} INFO - /opt/spark/bin/load-spark-env.sh: line 68: ps: command not found
[2025-11-03T07:41:51.686+0000] {subprocess.py:93} INFO - 25/11/03 07:41:51 INFO SparkContext: Running Spark version 3.5.0
[2025-11-03T07:41:51.687+0000] {subprocess.py:93} INFO - 25/11/03 07:41:51 INFO SparkContext: OS info Linux, 6.10.14-linuxkit, aarch64
[2025-11-03T07:41:51.688+0000] {subprocess.py:93} INFO - 25/11/03 07:41:51 INFO SparkContext: Java version 11.0.16
[2025-11-03T07:41:51.723+0000] {subprocess.py:93} INFO - 25/11/03 07:41:51 WARN NativeCodeLoader: Unable to load native-hadoop library for your platform... using builtin-java classes where applicable
[2025-11-03T07:41:51.780+0000] {subprocess.py:93} INFO - 25/11/03 07:41:51 INFO ResourceUtils: ==============================================================
[2025-11-03T07:41:51.781+0000] {subprocess.py:93} INFO - 25/11/03 07:41:51 INFO ResourceUtils: No custom resources configured for spark.driver.
[2025-11-03T07:41:51.781+0000] {subprocess.py:93} INFO - 25/11/03 07:41:51 INFO ResourceUtils: ==============================================================
[2025-11-03T07:41:51.781+0000] {subprocess.py:93} INFO - 25/11/03 07:41:51 INFO SparkContext: Submitted application: Phase3SparkTransformation
[2025-11-03T07:41:51.792+0000] {subprocess.py:93} INFO - 25/11/03 07:41:51 INFO ResourceProfile: Default ResourceProfile created, executor resources: Map(cores -> name: cores, amount: 1, script: , vendor: , memory -> name: memory, amount: 1024, script: , vendor: , offHeap -> name: offHeap, amount: 0, script: , vendor: ), task resources: Map(cpus -> name: cpus, amount: 1.0)
[2025-11-03T07:41:51.798+0000] {subprocess.py:93} INFO - 25/11/03 07:41:51 INFO ResourceProfile: Limiting resource is cpu
[2025-11-03T07:41:51.799+0000] {subprocess.py:93} INFO - 25/11/03 07:41:51 INFO ResourceProfileManager: Added ResourceProfile id: 0
[2025-11-03T07:41:51.829+0000] {subprocess.py:93} INFO - 25/11/03 07:41:51 INFO SecurityManager: Changing view acls to: root
[2025-11-03T07:41:51.829+0000] {subprocess.py:93} INFO - 25/11/03 07:41:51 INFO SecurityManager: Changing modify acls to: root
[2025-11-03T07:41:51.829+0000] {subprocess.py:93} INFO - 25/11/03 07:41:51 INFO SecurityManager: Changing view acls groups to:
[2025-11-03T07:41:51.829+0000] {subprocess.py:93} INFO - 25/11/03 07:41:51 INFO SecurityManager: Changing modify acls groups to:
[2025-11-03T07:41:51.830+0000] {subprocess.py:93} INFO - 25/11/03 07:41:51 INFO SecurityManager: SecurityManager: authentication disabled; ui acls disabled; users with view permissions: root; groups with view permissions: EMPTY; users with modify permissions: root; groups with modify permissions: EMPTY
[2025-11-03T07:41:51.976+0000] {subprocess.py:93} INFO - 25/11/03 07:41:51 INFO Utils: Successfully started service 'sparkDriver' on port 39295.
[2025-11-03T07:41:51.993+0000] {subprocess.py:93} INFO - 25/11/03 07:41:51 INFO SparkEnv: Registering MapOutputTracker
[2025-11-03T07:41:52.014+0000] {subprocess.py:93} INFO - 25/11/03 07:41:52 INFO SparkEnv: Registering BlockManagerMaster
[2025-11-03T07:41:52.024+0000] {subprocess.py:93} INFO - 25/11/03 07:41:52 INFO BlockManagerMasterEndpoint: Using org.apache.spark.storage.DefaultTopologyMapper for getting topology information
[2025-11-03T07:41:52.024+0000] {subprocess.py:93} INFO - 25/11/03 07:41:52 INFO BlockManagerMasterEndpoint: BlockManagerMasterEndpoint up
[2025-11-03T07:41:52.027+0000] {subprocess.py:93} INFO - 25/11/03 07:41:52 INFO SparkEnv: Registering BlockManagerMasterHeartbeat
[2025-11-03T07:41:52.047+0000] {subprocess.py:93} INFO - 25/11/03 07:41:52 INFO DiskBlockManager: Created local directory at /tmp/blockmgr-b284262f-eb93-41ce-b25f-b5c834775722
[2025-11-03T07:41:52.055+0000] {subprocess.py:93} INFO - 25/11/03 07:41:52 INFO MemoryStore: MemoryStore started with capacity 434.4 MiB
[2025-11-03T07:41:52.064+0000] {subprocess.py:93} INFO - 25/11/03 07:41:52 INFO SparkEnv: Registering OutputCommitCoordinator
[2025-11-03T07:41:52.194+0000] {subprocess.py:93} INFO - 25/11/03 07:41:52 INFO JettyUtils: Start Jetty 0.0.0.0:4040 for SparkUI
[2025-11-03T07:41:52.242+0000] {subprocess.py:93} INFO - 25/11/03 07:41:52 INFO Utils: Successfully started service 'SparkUI' on port 4040.
[2025-11-03T07:41:52.323+0000] {subprocess.py:93} INFO - 25/11/03 07:41:52 INFO Executor: Starting executor ID driver on host a8d300f9a31b
[2025-11-03T07:41:52.323+0000] {subprocess.py:93} INFO - 25/11/03 07:41:52 INFO Executor: OS info Linux, 6.10.14-linuxkit, aarch64
[2025-11-03T07:41:52.324+0000] {subprocess.py:93} INFO - 25/11/03 07:41:52 INFO Executor: Java version 11.0.16
[2025-11-03T07:41:52.329+0000] {subprocess.py:93} INFO - 25/11/03 07:41:52 INFO Executor: Starting executor with user classpath (userClassPathFirst = false): ''
[2025-11-03T07:41:52.329+0000] {subprocess.py:93} INFO - 25/11/03 07:41:52 INFO Executor: Created or updated repl class loader org.apache.spark.util.MutableURLClassLoader@ca02a09 for default.
[2025-11-03T07:41:52.361+0000] {subprocess.py:93} INFO - 25/11/03 07:41:52 INFO Utils: Successfully started service 'org.apache.spark.network.netty.NettyBlockTransferService' on port 35423.
[2025-11-03T07:41:52.361+0000] {subprocess.py:93} INFO - 25/11/03 07:41:52 INFO NettyBlockTransferService: Server created on a8d300f9a31b:35423
[2025-11-03T07:41:52.362+0000] {subprocess.py:93} INFO - 25/11/03 07:41:52 INFO BlockManager: Using org.apache.spark.storage.RandomBlockReplicationPolicy for block replication policy
[2025-11-03T07:41:52.369+0000] {subprocess.py:93} INFO - 25/11/03 07:41:52 INFO BlockManagerMaster: Registering BlockManager BlockManagerId(driver, a8d300f9a31b, 35423, None)
[2025-11-03T07:41:52.372+0000] {subprocess.py:93} INFO - 25/11/03 07:41:52 INFO BlockManagerMasterEndpoint: Registering block manager a8d300f9a31b:35423 with 434.4 MiB RAM, BlockManagerId(driver, a8d300f9a31b, 35423, None)
[2025-11-03T07:41:52.375+0000] {subprocess.py:93} INFO - 25/11/03 07:41:52 INFO BlockManagerMaster: Registered BlockManager BlockManagerId(driver, a8d300f9a31b, 35423, None)
[2025-11-03T07:41:52.375+0000] {subprocess.py:93} INFO - 25/11/03 07:41:52 INFO BlockManager: Initialized BlockManager: BlockManagerId(driver, a8d300f9a31b, 35423, None)
[2025-11-03T07:41:52.698+0000] {subprocess.py:93} INFO - ✅ Spark connected to MinIO
[2025-11-03T07:41:52.738+0000] {subprocess.py:93} INFO - 25/11/03 07:41:52 INFO SharedState: Setting hive.metastore.warehouse.dir ('null') to the value of spark.sql.warehouse.dir.
[2025-11-03T07:41:52.744+0000] {subprocess.py:93} INFO - 25/11/03 07:41:52 INFO SharedState: Warehouse path is 'file:/opt/spark/spark-warehouse'.
[2025-11-03T07:41:53.387+0000] {subprocess.py:93} INFO - 25/11/03 07:41:53 WARN FileStreamSink: Assume no metadata directory. Error while looking for metadata directory in the path: s3a://finance-bucket/raw/finance_raw.csv.
[2025-11-03T07:41:53.389+0000] {subprocess.py:93} INFO - java.lang.RuntimeException: java.lang.ClassNotFoundException: Class org.apache.hadoop.fs.s3a.S3AFileSystem not found
[2025-11-03T07:41:53.389+0000] {subprocess.py:93} INFO - 	at org.apache.hadoop.conf.Configuration.getClass(Configuration.java:2688)
[2025-11-03T07:41:53.389+0000] {subprocess.py:93} INFO - 	at org.apache.hadoop.fs.FileSystem.getFileSystemClass(FileSystem.java:3431)
[2025-11-03T07:41:53.389+0000] {subprocess.py:93} INFO - 	at org.apache.hadoop.fs.FileSystem.createFileSystem(FileSystem.java:3466)
[2025-11-03T07:41:53.389+0000] {subprocess.py:93} INFO - 	at org.apache.hadoop.fs.FileSystem.access$300(FileSystem.java:174)
[2025-11-03T07:41:53.390+0000] {subprocess.py:93} INFO - 	at org.apache.hadoop.fs.FileSystem$Cache.getInternal(FileSystem.java:3574)
[2025-11-03T07:41:53.390+0000] {subprocess.py:93} INFO - 	at org.apache.hadoop.fs.FileSystem$Cache.get(FileSystem.java:3521)
[2025-11-03T07:41:53.390+0000] {subprocess.py:93} INFO - 	at org.apache.hadoop.fs.FileSystem.get(FileSystem.java:540)
[2025-11-03T07:41:53.391+0000] {subprocess.py:93} INFO - 	at org.apache.hadoop.fs.Path.getFileSystem(Path.java:365)
[2025-11-03T07:41:53.391+0000] {subprocess.py:93} INFO - 	at org.apache.spark.sql.execution.streaming.FileStreamSink$.hasMetadata(FileStreamSink.scala:53)
[2025-11-03T07:41:53.391+0000] {subprocess.py:93} INFO - 	at org.apache.spark.sql.execution.datasources.DataSource.resolveRelation(DataSource.scala:366)
[2025-11-03T07:41:53.391+0000] {subprocess.py:93} INFO - 	at org.apache.spark.sql.DataFrameReader.loadV1Source(DataFrameReader.scala:229)
[2025-11-03T07:41:53.391+0000] {subprocess.py:93} INFO - 	at org.apache.spark.sql.DataFrameReader.$anonfun$load$2(DataFrameReader.scala:211)
[2025-11-03T07:41:53.391+0000] {subprocess.py:93} INFO - 	at scala.Option.getOrElse(Option.scala:189)
[2025-11-03T07:41:53.391+0000] {subprocess.py:93} INFO - 	at org.apache.spark.sql.DataFrameReader.load(DataFrameReader.scala:211)
[2025-11-03T07:41:53.391+0000] {subprocess.py:93} INFO - 	at org.apache.spark.sql.DataFrameReader.csv(DataFrameReader.scala:538)
[2025-11-03T07:41:53.391+0000] {subprocess.py:93} INFO - 	at java.base/jdk.internal.reflect.NativeMethodAccessorImpl.invoke0(Native Method)
[2025-11-03T07:41:53.391+0000] {subprocess.py:93} INFO - 	at java.base/jdk.internal.reflect.NativeMethodAccessorImpl.invoke(NativeMethodAccessorImpl.java:62)
[2025-11-03T07:41:53.392+0000] {subprocess.py:93} INFO - 	at java.base/jdk.internal.reflect.DelegatingMethodAccessorImpl.invoke(DelegatingMethodAccessorImpl.java:43)
[2025-11-03T07:41:53.392+0000] {subprocess.py:93} INFO - 	at java.base/java.lang.reflect.Method.invoke(Method.java:566)
[2025-11-03T07:41:53.392+0000] {subprocess.py:93} INFO - 	at py4j.reflection.MethodInvoker.invoke(MethodInvoker.java:244)
[2025-11-03T07:41:53.392+0000] {subprocess.py:93} INFO - 	at py4j.reflection.ReflectionEngine.invoke(ReflectionEngine.java:374)
[2025-11-03T07:41:53.392+0000] {subprocess.py:93} INFO - 	at py4j.Gateway.invoke(Gateway.java:282)
[2025-11-03T07:41:53.392+0000] {subprocess.py:93} INFO - 	at py4j.commands.AbstractCommand.invokeMethod(AbstractCommand.java:132)
[2025-11-03T07:41:53.392+0000] {subprocess.py:93} INFO - 	at py4j.commands.CallCommand.execute(CallCommand.java:79)
[2025-11-03T07:41:53.392+0000] {subprocess.py:93} INFO - 	at py4j.ClientServerConnection.waitForCommands(ClientServerConnection.java:182)
[2025-11-03T07:41:53.392+0000] {subprocess.py:93} INFO - 	at py4j.ClientServerConnection.run(ClientServerConnection.java:106)
[2025-11-03T07:41:53.393+0000] {subprocess.py:93} INFO - 	at java.base/java.lang.Thread.run(Thread.java:829)
[2025-11-03T07:41:53.393+0000] {subprocess.py:93} INFO - Caused by: java.lang.ClassNotFoundException: Class org.apache.hadoop.fs.s3a.S3AFileSystem not found
[2025-11-03T07:41:53.393+0000] {subprocess.py:93} INFO - 	at org.apache.hadoop.conf.Configuration.getClassByName(Configuration.java:2592)
[2025-11-03T07:41:53.393+0000] {subprocess.py:93} INFO - 	at org.apache.hadoop.conf.Configuration.getClass(Configuration.java:2686)
[2025-11-03T07:41:53.393+0000] {subprocess.py:93} INFO - 	... 26 more
[2025-11-03T07:41:53.425+0000] {subprocess.py:93} INFO - Traceback (most recent call last):
[2025-11-03T07:41:53.425+0000] {subprocess.py:93} INFO -   File "/opt/***/dags/phase3_spark_transform.py", line 21, in <module>
[2025-11-03T07:41:53.426+0000] {subprocess.py:93} INFO -     df = spark.read.option("header", True).csv(input_path)
[2025-11-03T07:41:53.426+0000] {subprocess.py:93} INFO -   File "/opt/spark/python/lib/pyspark.zip/pyspark/sql/readwriter.py", line 740, in csv
[2025-11-03T07:41:53.426+0000] {subprocess.py:93} INFO -   File "/opt/spark/python/lib/py4j-0.10.9.7-src.zip/py4j/java_gateway.py", line 1322, in __call__
[2025-11-03T07:41:53.427+0000] {subprocess.py:93} INFO -   File "/opt/spark/python/lib/pyspark.zip/pyspark/errors/exceptions/captured.py", line 179, in deco
[2025-11-03T07:41:53.427+0000] {subprocess.py:93} INFO -   File "/opt/spark/python/lib/py4j-0.10.9.7-src.zip/py4j/protocol.py", line 326, in get_return_value
[2025-11-03T07:41:53.430+0000] {subprocess.py:93} INFO - py4j.protocol.Py4JJavaError: An error occurred while calling o37.csv.
[2025-11-03T07:41:53.430+0000] {subprocess.py:93} INFO - : java.lang.RuntimeException: java.lang.ClassNotFoundException: Class org.apache.hadoop.fs.s3a.S3AFileSystem not found
[2025-11-03T07:41:53.431+0000] {subprocess.py:93} INFO - 	at org.apache.hadoop.conf.Configuration.getClass(Configuration.java:2688)
[2025-11-03T07:41:53.431+0000] {subprocess.py:93} INFO - 	at org.apache.hadoop.fs.FileSystem.getFileSystemClass(FileSystem.java:3431)
[2025-11-03T07:41:53.431+0000] {subprocess.py:93} INFO - 	at org.apache.hadoop.fs.FileSystem.createFileSystem(FileSystem.java:3466)
[2025-11-03T07:41:53.431+0000] {subprocess.py:93} INFO - 	at org.apache.hadoop.fs.FileSystem.access$300(FileSystem.java:174)
[2025-11-03T07:41:53.431+0000] {subprocess.py:93} INFO - 	at org.apache.hadoop.fs.FileSystem$Cache.getInternal(FileSystem.java:3574)
[2025-11-03T07:41:53.431+0000] {subprocess.py:93} INFO - 	at org.apache.hadoop.fs.FileSystem$Cache.get(FileSystem.java:3521)
[2025-11-03T07:41:53.431+0000] {subprocess.py:93} INFO - 	at org.apache.hadoop.fs.FileSystem.get(FileSystem.java:540)
[2025-11-03T07:41:53.431+0000] {subprocess.py:93} INFO - 	at org.apache.hadoop.fs.Path.getFileSystem(Path.java:365)
[2025-11-03T07:41:53.431+0000] {subprocess.py:93} INFO - 	at org.apache.spark.sql.execution.datasources.DataSource$.$anonfun$checkAndGlobPathIfNecessary$1(DataSource.scala:724)
[2025-11-03T07:41:53.431+0000] {subprocess.py:93} INFO - 	at scala.collection.immutable.List.map(List.scala:293)
[2025-11-03T07:41:53.431+0000] {subprocess.py:93} INFO - 	at org.apache.spark.sql.execution.datasources.DataSource$.checkAndGlobPathIfNecessary(DataSource.scala:722)
[2025-11-03T07:41:53.431+0000] {subprocess.py:93} INFO - 	at org.apache.spark.sql.execution.datasources.DataSource.checkAndGlobPathIfNecessary(DataSource.scala:551)
[2025-11-03T07:41:53.431+0000] {subprocess.py:93} INFO - 	at org.apache.spark.sql.execution.datasources.DataSource.resolveRelation(DataSource.scala:404)
[2025-11-03T07:41:53.431+0000] {subprocess.py:93} INFO - 	at org.apache.spark.sql.DataFrameReader.loadV1Source(DataFrameReader.scala:229)
[2025-11-03T07:41:53.432+0000] {subprocess.py:93} INFO - 	at org.apache.spark.sql.DataFrameReader.$anonfun$load$2(DataFrameReader.scala:211)
[2025-11-03T07:41:53.432+0000] {subprocess.py:93} INFO - 	at scala.Option.getOrElse(Option.scala:189)
[2025-11-03T07:41:53.432+0000] {subprocess.py:93} INFO - 	at org.apache.spark.sql.DataFrameReader.load(DataFrameReader.scala:211)
[2025-11-03T07:41:53.432+0000] {subprocess.py:93} INFO - 	at org.apache.spark.sql.DataFrameReader.csv(DataFrameReader.scala:538)
[2025-11-03T07:41:53.432+0000] {subprocess.py:93} INFO - 	at java.base/jdk.internal.reflect.NativeMethodAccessorImpl.invoke0(Native Method)
[2025-11-03T07:41:53.432+0000] {subprocess.py:93} INFO - 	at java.base/jdk.internal.reflect.NativeMethodAccessorImpl.invoke(NativeMethodAccessorImpl.java:62)
[2025-11-03T07:41:53.432+0000] {subprocess.py:93} INFO - 	at java.base/jdk.internal.reflect.DelegatingMethodAccessorImpl.invoke(DelegatingMethodAccessorImpl.java:43)
[2025-11-03T07:41:53.432+0000] {subprocess.py:93} INFO - 	at java.base/java.lang.reflect.Method.invoke(Method.java:566)
[2025-11-03T07:41:53.432+0000] {subprocess.py:93} INFO - 	at py4j.reflection.MethodInvoker.invoke(MethodInvoker.java:244)
[2025-11-03T07:41:53.432+0000] {subprocess.py:93} INFO - 	at py4j.reflection.ReflectionEngine.invoke(ReflectionEngine.java:374)
[2025-11-03T07:41:53.433+0000] {subprocess.py:93} INFO - 	at py4j.Gateway.invoke(Gateway.java:282)
[2025-11-03T07:41:53.433+0000] {subprocess.py:93} INFO - 	at py4j.commands.AbstractCommand.invokeMethod(AbstractCommand.java:132)
[2025-11-03T07:41:53.433+0000] {subprocess.py:93} INFO - 	at py4j.commands.CallCommand.execute(CallCommand.java:79)
[2025-11-03T07:41:53.433+0000] {subprocess.py:93} INFO - 	at py4j.ClientServerConnection.waitForCommands(ClientServerConnection.java:182)
[2025-11-03T07:41:53.433+0000] {subprocess.py:93} INFO - 	at py4j.ClientServerConnection.run(ClientServerConnection.java:106)
[2025-11-03T07:41:53.433+0000] {subprocess.py:93} INFO - 	at java.base/java.lang.Thread.run(Thread.java:829)
[2025-11-03T07:41:53.433+0000] {subprocess.py:93} INFO - Caused by: java.lang.ClassNotFoundException: Class org.apache.hadoop.fs.s3a.S3AFileSystem not found
[2025-11-03T07:41:53.433+0000] {subprocess.py:93} INFO - 	at org.apache.hadoop.conf.Configuration.getClassByName(Configuration.java:2592)
[2025-11-03T07:41:53.433+0000] {subprocess.py:93} INFO - 	at org.apache.hadoop.conf.Configuration.getClass(Configuration.java:2686)
[2025-11-03T07:41:53.433+0000] {subprocess.py:93} INFO - 	... 29 more
[2025-11-03T07:41:53.433+0000] {subprocess.py:93} INFO - 
[2025-11-03T07:41:53.446+0000] {subprocess.py:93} INFO - 25/11/03 07:41:53 INFO SparkContext: Invoking stop() from shutdown hook
[2025-11-03T07:41:53.446+0000] {subprocess.py:93} INFO - 25/11/03 07:41:53 INFO SparkContext: SparkContext is stopping with exitCode 0.
[2025-11-03T07:41:53.454+0000] {subprocess.py:93} INFO - 25/11/03 07:41:53 INFO SparkUI: Stopped Spark web UI at http://a8d300f9a31b:4040
[2025-11-03T07:41:53.462+0000] {subprocess.py:93} INFO - 25/11/03 07:41:53 INFO MapOutputTrackerMasterEndpoint: MapOutputTrackerMasterEndpoint stopped!
[2025-11-03T07:41:53.470+0000] {subprocess.py:93} INFO - 25/11/03 07:41:53 INFO MemoryStore: MemoryStore cleared
[2025-11-03T07:41:53.470+0000] {subprocess.py:93} INFO - 25/11/03 07:41:53 INFO BlockManager: BlockManager stopped
[2025-11-03T07:41:53.474+0000] {subprocess.py:93} INFO - 25/11/03 07:41:53 INFO BlockManagerMaster: BlockManagerMaster stopped
[2025-11-03T07:41:53.476+0000] {subprocess.py:93} INFO - 25/11/03 07:41:53 INFO OutputCommitCoordinator$OutputCommitCoordinatorEndpoint: OutputCommitCoordinator stopped!
[2025-11-03T07:41:53.483+0000] {subprocess.py:93} INFO - 25/11/03 07:41:53 INFO SparkContext: Successfully stopped SparkContext
[2025-11-03T07:41:53.483+0000] {subprocess.py:93} INFO - 25/11/03 07:41:53 INFO ShutdownHookManager: Shutdown hook called
[2025-11-03T07:41:53.483+0000] {subprocess.py:93} INFO - 25/11/03 07:41:53 INFO ShutdownHookManager: Deleting directory /tmp/spark-4aad391a-bf6a-4292-ba36-3e52c2c56d61/pyspark-718ac267-f2cc-4d33-b427-b231e15f7841
[2025-11-03T07:41:53.486+0000] {subprocess.py:93} INFO - 25/11/03 07:41:53 INFO ShutdownHookManager: Deleting directory /tmp/spark-4aad391a-bf6a-4292-ba36-3e52c2c56d61
[2025-11-03T07:41:53.488+0000] {subprocess.py:93} INFO - 25/11/03 07:41:53 INFO ShutdownHookManager: Deleting directory /tmp/spark-d81d1212-29f6-4282-adec-27d018579161
[2025-11-03T07:41:53.519+0000] {subprocess.py:97} INFO - Command exited with return code 1
[2025-11-03T07:41:53.532+0000] {taskinstance.py:1935} ERROR - Task failed with exception
Traceback (most recent call last):
  File "/home/airflow/.local/lib/python3.8/site-packages/airflow/operators/bash.py", line 210, in execute
    raise AirflowException(
airflow.exceptions.AirflowException: Bash command failed. The command returned a non-zero exit code 1.
[2025-11-03T07:41:53.535+0000] {taskinstance.py:1398} INFO - Marking task as FAILED. dag_id=phase3_spark_transform_dag, task_id=run_spark_transformation, execution_date=20251103T073644, start_date=20251103T074150, end_date=20251103T074153
[2025-11-03T07:41:53.543+0000] {standard_task_runner.py:104} ERROR - Failed to execute job 3 for task run_spark_transformation (Bash command failed. The command returned a non-zero exit code 1.; 65)
[2025-11-03T07:41:53.567+0000] {local_task_job_runner.py:228} INFO - Task exited with return code 1
[2025-11-03T07:41:53.585+0000] {taskinstance.py:2776} INFO - 0 downstream tasks scheduled from follow-on schedule check
